Case #1: HIGRZMCFWOYQTEJTP
Case #2: IGLGUEKXRVMSBBPHPA
Case #3: FYYQUWKCAAAUSAVZRYOP
Case #4: DIVQPACMYRSFKOTH
Case #5: QZXAFKNISVUFVJYDQVBK
Case #6: DMCAXTRRJHOIKFLRGADY
Case #7: CTMGYERAYLJBOCIRSJFK
Case #8: OBIUAHCENBQDHCVXPYQQ
Case #9: CTMKKOQPSISERHSDAJ
Case #10: DNTOJVUQLNPVPWXDFVHG
Case #11: MLJBMYSOENTIKGHDCPFQ
Case #12: ESOVHZMYERWUMTWDAXE
Case #13: GTPWNRYUKARDEXAKJFHD
Case #14: TLRCSMXNVOLFJRDKKPUI
Case #15: NKRVCPJHFQAYUTPRFPX
Case #16: ROSTYBCVXYQPOWDUUL
Case #17: ISHNTBQQZYHUUYLINXCM
Case #18: OJTNSVZDERGZULPOFNH
Case #19: EDIXBENBKTGYMFRCZAG
Case #20: CSVUDGCUIVRHQWKTXLC
Case #21: XMDUMBVRPNLKSTZKVOQ
Case #22: AADHGUXGJFTJOYSPLKZ
Case #23: EZISHWATYJDBRNMFSI
Case #24: UKVRWHDPKAJIFHUQJCXN
Case #25: LZXUENRKQGKBIILJQYQA
Case #26: SDSGRFGOXEWKCVASHMJ
Case #27: DTQSKFTOOREIWDUPMCWJ
Case #28: JZIKUPBFLMVFWVXKYPH
Case #29: OVZNNSJLQBIDFMUUYM
Case #30: TGOVDRMXKQSRZYNLU
Case #31: IAJLHELDWXESFAKXGZY
Case #32: BJPLAUVRZEJXFCWC
Case #33: DFKMHBEGJRNWVTHFPK
Case #34: KXLJDORSTQPRIGZBEF
Case #35: PPXRADYORLGCFSBAHHSW
Case #36: TPBNKRCJDMHYQUFGON
Case #37: RUQNCFWDLPQRVVXMOT
Case #38: RZEBDQYLGMVVJNBAHTJF
Case #39: HDZRVTUOGFJWJXVIYSD
Case #40: LIHUEFZAXUNVMYJTPU
Case #41: QIZPWMSYEXDDKRTCFACB
Case #42: DXYEMNHROPTCOVCTZGDQ
Case #43: FQYHTKEOJERKAVQCKSX
Case #44: HGFZQFDYBTUQUWZXPLRW
Case #45: AYOQICNVFDPRBKVOOEQ
Case #46: OVRTCUNIHXQNLXGKYM
Case #47: DRKYSUHQJZKNJGKOWZVG
Case #48: EHRHPJDXZVFINKMPIT
Case #49: LBYFPGNWADIQRNFASHCL
Case #50: MLOFIBQCADAQJQZWHR
Case #51: DJTWBPLBXUXESQGHZOGM
Case #52: OUFJWIOZTEQPXLTBNVU
Case #53: QACGETLKCPQPUMDKYHVJ
Case #54: TWOZGSAUVPXYCENDLR
Case #55: BOWWKYFARMXBSAKCQAEN
Case #56: OQBOUWMNGMMVIPZRCSOE
Case #57: LVJAWITWDKOXZNDBUHS
Case #58: TZOJSPVZTXCPMPRLGMUK
Case #59: GRXKTODQKJVIYQQWNZJF
Case #60: HVHETMNFDGBATVWIXZMC
Case #61: BDNHQMLYZYSPOXVWUJ
Case #62: KABNSHAFCWJKIZVRPSPY
Case #63: FOUYWHUFKLTRQBGBNGJC
Case #64: TEMYJGOWDGXVLDZMAKMI
Case #65: LCUWJQKSENKSDVOLBJXE
Case #66: OHZJWRNZFBLLHMXTYEC
Case #67: XOJUGEVTGHDIBIHCSZJQ
Case #68: KDIEBRAIOZHVTKMQRJEC
Case #69: RFHPNVSZMVXJDOGTYQ
Case #70: HQLFDZYCBCDUTCGVBEMK
Case #71: MXFTYOSUOJLRHLEGKVP
Case #72: VIPZYWSNREXZKXPJUCAQ
Case #73: GMBVKGZDAXOCJROHZ
Case #74: UNIYAWTZIHXEMCMYDLOS
Case #75: OXEHMKZBXBUFPUDATOC
Case #76: LHIAUTPTGDZAVRFYKCY
Case #77: DPCWVHVJFMULBKROXD
Case #78: EMPQPUGNFYOHHXIVB
Case #79: ENIGLWVRCYBKMSUFBA
Case #80: EJPIAAXDHRJSSQNLA
Case #81: HKAVETALBYYQFZWERJIZ
Case #82: EIDPMVQLWFOOAULKEXBB
Case #83: GOPAZLJHONQRYVYEDUIQ
Case #84: IKWRCJUJPSQMNAALSJGV
Case #85: HYJVOSBCWCJPZEHGLDRW
Case #86: CEGAURTBVTWSTXNHRVQJ
Case #87: KBRTRJGOYCRXWUQAVZ
Case #88: DTFESIOZYNJVVRRUYC
Case #89: SVJKPZJOMWLNHADJPFEV
Case #90: QPHRYIFJVZPKGIDUEW
Case #91: MKTUYAHCOSCPLQDBDRV
Case #92: IXZAGVMCFSKZBQJEOKCI
Case #93: BSPKCWHVCKUMGGDTPIQZ
Case #94: FCTNMPDTZQOGENAJY
Case #95: RLNBXFQIQKYWOMCPMEDM
Case #96: VRHBCGWEOXUXGYJAXTI
Case #97: JOHNSON
Case #98: FNDAJNZBVYWQRNSHKE
Case #99: ORYVVHLTIJUKPMNDDLMI
Case #100: LQXRIAPGZNOVWKZND
