0 -1
1 -1
2 1
3 -1
4 2
5 1
6 3
7 2
8 4
9 3
10 1
11 4
12 2
13 5
14 3
15 2
16 4
17 3
18 5
19 4
20 2
21 5
22 3
23 6
24 4
25 3
26 5
27 4
28 6
29 5
30 3
31 6
32 4
33 7
34 5
35 4
36 6
37 5
38 7
39 6
40 4
41 7
42 5
43 8
44 6
45 5
46 7
47 6
48 8
49 7
50 5
51 8
52 6
53 9
54 7
55 6
56 8
57 7
58 9
59 8
60 6
61 9
62 7
63 10
64 8
65 7
66 9
67 8
68 10
69 9
70 7
71 10
72 8
73 11
74 9
75 8
76 10
77 9
78 11
79 10
80 8
81 11
82 9
83 12
84 10
85 9
86 11
87 10
88 12
89 11
90 9
91 12
92 10
93 13
94 11
95 10
96 12
97 11
98 13
99 12
