Case #1:
161684
153262
135508
160596
144905
150271
155940
155940
137318
143742
139219
154539
145040
146934
154066
153823
156345
146641
145971
161163
Case #2:
48201
61439
53960
51851
50371
59322
50759
61347
53553
50371
49540
49334
56421
61300
48865
54155
56674
49078
56737
55409
Case #3:
11426767860
11404036974
11403652827
11383631520
11409404427
11409667483
11408913899
11382231824
11423759112
11410178168
11388670224
11419861355
11414098726
11419539686
11400494197
11378885903
11423733053
11425087740
11404165047
11409803842
